<?xml version="1.0" encoding="UTF-8"?>
<!-- Generated by org.testng.reporters.JUnitReportReporter -->
<testsuite hostname="Gigin" failures="0" tests="5" name="merinnewproject.Project" time="50.314" errors="0" timestamp="2024-06-08T13:11:59 IST" skipped="0">
  <testcase classname="merinnewproject.Project" name="flowtest" time="7.366"/>
  <testcase classname="merinnewproject.Project" name="verification" time="8.458"/>
  <testcase classname="merinnewproject.Project" name="test" time="10.205"/>
  <testcase classname="merinnewproject.Project" name="testflow" time="7.115"/>
  <testcase classname="merinnewproject.Project" name="test1" time="17.170"/>
</testsuite> <!-- merinnewproject.Project -->
